Performing C SOURCE FILE Test CMAKE_HAVE_LIBC_PTHREAD failed with the following output:
Change Dir: /home/fjg/test/DWIO_backend(1)/DWIO_backend/build/CMakeFiles/CMakeScratch/TryCompile-yOjYfb

Run Build Command(s):/usr/bin/make -f Makefile cmTC_5cc5d/fast && /usr/bin/make  -f CMakeFiles/cmTC_5cc5d.dir/build.make CMakeFiles/cmTC_5cc5d.dir/build
make[1]: 进入目录“/home/fjg/test/DWIO_backend(1)/DWIO_backend/build/CMakeFiles/CMakeScratch/TryCompile-yOjYfb”
Building C object CMakeFiles/cmTC_5cc5d.dir/src.c.o
/usr/bin/cc -DCMAKE_HAVE_LIBC_PTHREAD  -fPIC  -o CMakeFiles/cmTC_5cc5d.dir/src.c.o -c "/home/fjg/test/DWIO_backend(1)/DWIO_backend/build/CMakeFiles/CMakeScratch/TryCompile-yOjYfb/src.c"
Linking C executable cmTC_5cc5d
/usr/local/bin/cmake -E cmake_link_script CMakeFiles/cmTC_5cc5d.dir/link.txt --verbose=1
/usr/bin/cc -fPIC  CMakeFiles/cmTC_5cc5d.dir/src.c.o -o cmTC_5cc5d 
/usr/bin/ld: CMakeFiles/cmTC_5cc5d.dir/src.c.o: in function `main':
src.c:(.text+0x46): undefined reference to `pthread_create'
/usr/bin/ld: src.c:(.text+0x52): undefined reference to `pthread_detach'
/usr/bin/ld: src.c:(.text+0x5e): undefined reference to `pthread_cancel'
/usr/bin/ld: src.c:(.text+0x6f): undefined reference to `pthread_join'
collect2: error: ld returned 1 exit status
make[1]: *** [CMakeFiles/cmTC_5cc5d.dir/build.make:99：cmTC_5cc5d] 错误 1
make[1]: 离开目录“/home/fjg/test/DWIO_backend(1)/DWIO_backend/build/CMakeFiles/CMakeScratch/TryCompile-yOjYfb”
make: *** [Makefile:127：cmTC_5cc5d/fast] 错误 2


Source file was:
#include <pthread.h>

static void* test_func(void* data)
{
  return data;
}

int main(void)
{
  pthread_t thread;
  pthread_create(&thread, NULL, test_func, NULL);
  pthread_detach(thread);
  pthread_cancel(thread);
  pthread_join(thread, NULL);
  pthread_atfork(NULL, NULL, NULL);
  pthread_exit(NULL);

  return 0;
}


Determining if the function pthread_create exists in the pthreads failed with the following output:
Change Dir: /home/fjg/test/DWIO_backend(1)/DWIO_backend/build/CMakeFiles/CMakeScratch/TryCompile-mb1nsb

Run Build Command(s):/usr/bin/make -f Makefile cmTC_1bb7e/fast && /usr/bin/make  -f CMakeFiles/cmTC_1bb7e.dir/build.make CMakeFiles/cmTC_1bb7e.dir/build
make[1]: 进入目录“/home/fjg/test/DWIO_backend(1)/DWIO_backend/build/CMakeFiles/CMakeScratch/TryCompile-mb1nsb”
Building C object CMakeFiles/cmTC_1bb7e.dir/CheckFunctionExists.c.o
/usr/bin/cc   -fPIC -DCHECK_FUNCTION_EXISTS=pthread_create -o CMakeFiles/cmTC_1bb7e.dir/CheckFunctionExists.c.o -c "/home/fjg/test/DWIO_backend(1)/DWIO_backend/build/CMakeFiles/CMakeScratch/TryCompile-mb1nsb/CheckFunctionExists.c"
Linking C executable cmTC_1bb7e
/usr/local/bin/cmake -E cmake_link_script CMakeFiles/cmTC_1bb7e.dir/link.txt --verbose=1
/usr/bin/cc -fPIC -DCHECK_FUNCTION_EXISTS=pthread_create CMakeFiles/cmTC_1bb7e.dir/CheckFunctionExists.c.o -o cmTC_1bb7e  -lpthreads 
/usr/bin/ld: 找不到 -lpthreads
collect2: error: ld returned 1 exit status
make[1]: *** [CMakeFiles/cmTC_1bb7e.dir/build.make:99：cmTC_1bb7e] 错误 1
make[1]: 离开目录“/home/fjg/test/DWIO_backend(1)/DWIO_backend/build/CMakeFiles/CMakeScratch/TryCompile-mb1nsb”
make: *** [Makefile:127：cmTC_1bb7e/fast] 错误 2



